<?xml version="1.0" encoding="UTF-8"?>
<!-- Generated by org.testng.reporters.JUnitReportReporter -->
<testsuite hostname="DESKTOP-UA4ERFG" failures="0" tests="4" name="testng_pkg.Demo" time="0.017" errors="0" timestamp="2024-07-13T11:20:51 IST" skipped="1">
  <testcase classname="testng_pkg.Demo" name="main3" time="0.003"/>
  <system-out/>
  <testcase classname="testng_pkg.Demo" name="main1" time="0.002"/>
  <system-out/>
  <testcase classname="testng_pkg.Demo" name="main1" time="0.012"/>
  <system-out/>
  <testcase classname="testng_pkg.Demo" name="main2">
    <skipped/>
  </testcase> <!-- main2 -->
  <system-out/>
</testsuite> <!-- testng_pkg.Demo -->
