<?xml version="1.0" encoding="UTF-8"?>
<!-- Generated by org.testng.reporters.JUnitReportReporter -->
<testsuite hostname="DESKTOP-UA4ERFG" failures="0" tests="1" name="testng_pkg.WindowHandlePro" time="4.025" errors="0" timestamp="2024-07-17T10:08:34 IST" skipped="0">
  <testcase classname="testng_pkg.WindowHandlePro" name="windowHandle" time="4.025"/>
  <system-out/>
</testsuite> <!-- testng_pkg.WindowHandlePro -->
