<?xml version="1.0" encoding="UTF-8"?>
<!-- Generated by org.testng.reporters.JUnitReportReporter -->
<testsuite hostname="DESKTOP-UA4ERFG" failures="0" tests="1" name="test.FbLoginTest" time="3.924" errors="0" timestamp="2024-07-01T23:02:21 IST" skipped="0">
  <testcase classname="test.FbLoginTest" name="testLogin" time="3.924"/>
  <system-out/>
</testsuite> <!-- test.FbLoginTest -->
