<?xml version="1.0" encoding="UTF-8"?>
<!-- Generated by org.testng.reporters.JUnitReportReporter -->
<testsuite hostname="DESKTOP-UA4ERFG" failures="0" tests="1" name="testng_pkg.EbayPro" time="17.459" errors="0" timestamp="2024-07-15T12:23:07 IST" skipped="0">
  <testcase classname="testng_pkg.EbayPro" name="brokenLinks" time="17.459"/>
  <system-out/>
</testsuite> <!-- testng_pkg.EbayPro -->
