<?xml version="1.0" encoding="UTF-8"?>
<!-- Generated by org.testng.reporters.JUnitReportReporter -->
<testsuite hostname="DESKTOP-UA4ERFG" failures="0" tests="1" name="testng_pkg.WindowHandlerWrk" time="17.548" errors="0" timestamp="2024-07-29T13:58:33 IST" skipped="0">
  <testcase classname="testng_pkg.WindowHandlerWrk" name="amazon" time="17.548"/>
  <system-out/>
</testsuite> <!-- testng_pkg.WindowHandlerWrk -->
