<?xml version="1.0" encoding="UTF-8"?>
<!-- Generated by org.testng.reporters.JUnitReportReporter -->
<testsuite hostname="DESKTOP-UA4ERFG" failures="0" tests="1" name="testng_pkg.ActionClassPro" time="2.967" errors="0" timestamp="2024-07-11T19:56:55 IST" skipped="0">
  <testcase classname="testng_pkg.ActionClassPro" name="copyPasteTest" time="2.967"/>
  <system-out/>
</testsuite> <!-- testng_pkg.ActionClassPro -->
