<?xml version="1.0" encoding="UTF-8"?>
<!-- Generated by org.testng.reporters.JUnitReportReporter -->
<testsuite hostname="DESKTOP-UA4ERFG" failures="0" tests="2" name="testng_pkg.PrjctReportGenerator" time="2.362" errors="0" timestamp="2024-07-20T20:40:31 IST" skipped="0">
  <testcase classname="testng_pkg.PrjctReportGenerator" name="GreenMarkTitleVerification" time="1.492"/>
  <system-out/>
  <testcase classname="testng_pkg.PrjctReportGenerator" name="buttonTextVerification" time="0.870"/>
  <system-out/>
</testsuite> <!-- testng_pkg.PrjctReportGenerator -->
