<?xml version="1.0" encoding="UTF-8"?>
<!-- Generated by org.testng.reporters.JUnitReportReporter -->
<testsuite hostname="DESKTOP-UA4ERFG" failures="0" tests="1" name="testng_pkg.EbayPro" time="13.845" errors="0" timestamp="2024-07-03T15:24:41 IST" skipped="0">
  <testcase classname="testng_pkg.EbayPro" name="brokenLinks" time="13.845"/>
  <system-out/>
</testsuite> <!-- testng_pkg.EbayPro -->
