<?xml version="1.0" encoding="UTF-8"?>
<!-- Generated by org.testng.reporters.JUnitReportReporter -->
<testsuite hostname="DESKTOP-UA4ERFG" failures="0" tests="1" name="testng_pkg.FileUplodRobotClass" time="5.634" errors="0" timestamp="2024-06-30T19:13:25 IST" skipped="0">
  <testcase classname="testng_pkg.FileUplodRobotClass" name="fileUpload1" time="5.634"/>
  <system-out/>
</testsuite> <!-- testng_pkg.FileUplodRobotClass -->
